[0906/210702.118:ERROR:process_reader_win.cc(151)] SuspendThread: Access is denied. (0x5)
[0906/210702.119:ERROR:process_reader_win.cc(151)] SuspendThread: Access is denied. (0x5)
[0906/210702.119:ERROR:process_reader_win.cc(151)] SuspendThread: Access is denied. (0x5)
[0906/210702.119:ERROR:process_reader_win.cc(151)] SuspendThread: Access is denied. (0x5)
[0906/210702.119:ERROR:process_reader_win.cc(151)] SuspendThread: Access is denied. (0x5)
[0906/210702.119:ERROR:process_reader_win.cc(151)] SuspendThread: Access is denied. (0x5)
[0906/210702.119:ERROR:process_reader_win.cc(151)] SuspendThread: Access is denied. (0x5)
[0906/210702.119:ERROR:process_reader_win.cc(151)] SuspendThread: Access is denied. (0x5)
[0906/210702.119:ERROR:process_reader_win.cc(151)] SuspendThread: Access is denied. (0x5)
[0906/210702.119:ERROR:process_reader_win.cc(151)] SuspendThread: Access is denied. (0x5)
[0906/210702.119:ERROR:process_reader_win.cc(151)] SuspendThread: Access is denied. (0x5)
[0906/210702.119:ERROR:process_reader_win.cc(151)] SuspendThread: Access is denied. (0x5)
[0906/210702.119:ERROR:process_reader_win.cc(151)] SuspendThread: Access is denied. (0x5)
[0906/210702.119:ERROR:process_reader_win.cc(151)] SuspendThread: Access is denied. (0x5)
[0906/210702.119:ERROR:process_reader_win.cc(151)] SuspendThread: Access is denied. (0x5)
[0906/210702.119:ERROR:process_reader_win.cc(151)] SuspendThread: Access is denied. (0x5)
[0906/210702.129:ERROR:process_reader_win.cc(151)] SuspendThread: Access is denied. (0x5)
[0906/210702.129:ERROR:process_reader_win.cc(151)] SuspendThread: Access is denied. (0x5)
[0906/210702.129:ERROR:process_reader_win.cc(151)] SuspendThread: Access is denied. (0x5)
[0906/210702.129:ERROR:process_reader_win.cc(151)] SuspendThread: Access is denied. (0x5)
[0906/210702.129:ERROR:process_reader_win.cc(151)] SuspendThread: Access is denied. (0x5)
[0906/210702.129:ERROR:process_reader_win.cc(151)] SuspendThread: Access is denied. (0x5)
[0906/210702.129:ERROR:process_reader_win.cc(151)] SuspendThread: Access is denied. (0x5)
[0906/210702.129:ERROR:process_reader_win.cc(151)] SuspendThread: Access is denied. (0x5)
[0906/210702.129:ERROR:process_reader_win.cc(151)] SuspendThread: Access is denied. (0x5)
[0906/210702.129:ERROR:process_reader_win.cc(151)] SuspendThread: Access is denied. (0x5)
[0906/210702.129:ERROR:process_reader_win.cc(151)] SuspendThread: Access is denied. (0x5)
[0906/210702.129:ERROR:process_reader_win.cc(151)] SuspendThread: Access is denied. (0x5)
[0906/210702.129:ERROR:process_reader_win.cc(151)] SuspendThread: Access is denied. (0x5)
[0906/210702.138:ERROR:process_info.cc(329)] VirtualQueryEx: Access is denied. (0x5)
[0906/210702.138:ERROR:process_info.cc(556)] ReadMemoryInfo failed
[0906/210702.138:ERROR:process_memory_win.cc(39)] Failed to initialize ProcessInfo.
[0906/210702.120:ERROR:process_reader_win.cc(123)] NtOpenThread: {Access Denied} A process has requested access to an object, but has not been granted those access rights. (0xc0000022)
[0906/210702.129:ERROR:process_reader_win.cc(123)] NtOpenThread: {Access Denied} A process has requested access to an object, but has not been granted those access rights. (0xc0000022)
[0906/210702.141:ERROR:exception_snapshot_win.cc(99)] thread ID 7156 not found in process
[0906/210702.141:ERROR:exception_snapshot_win.cc(99)] thread ID 13948 not found in process
[0906/210702.142:ERROR:scoped_process_suspend.cc(40)] NtResumeProcess: An attempt was made to access an exiting process. (0xc000010a)
[0906/210702.138:ERROR:scoped_process_suspend.cc(40)] NtResumeProcess: An attempt was made to access an exiting process. (0xc000010a)
[0906/210702.189:ERROR:process_reader_win.cc(123)] NtOpenThread: {Access Denied} A process has requested access to an object, but has not been granted those access rights. (0xc0000022)
[0906/210702.189:ERROR:exception_snapshot_win.cc(99)] thread ID 16228 not found in process
